

------------Exeption------------
time : 05:08:03
message : Error DataBase Connection: SQLSTATE[28000] [1045] Access denied for user 'fb790567_testins'@'localhost' (using password: YES)
trace : 
['file'] : [/home/kueawici/public_html/libs/Db/DbQuery.php] , ['line'] : [17] , ['function'] : [__construct] , ['class'] : [Db\Db] , ['type'] : [->] 
 args : ['args'] : [{0 : mysql} , ] , ['object'] : [{_sql : } , {*_db : } , {*_pdo : } , ]
['file'] : [/home/kueawici/public_html/modules/land/model/AjaxModel.php] , ['line'] : [14] , ['function'] : [__construct] , ['class'] : [Db\DbQuery] , ['type'] : [->] 
 args : ['args'] : [] , ['object'] : [{_sql : } , {*_db : } , {*_pdo : } , ]
['file'] : [/home/kueawici/public_html/modules/land/controllers/AjaxController.php] , ['line'] : [15] , ['function'] : [__construct] , ['class'] : [model\AjaxModel] , ['type'] : [->] 
 args : ['args'] : [] , ['object'] : [{model\AjaxModel_db : } , ]
['file'] : [/home/kueawici/public_html/libs/MVC/AbstractController.php] , ['line'] : [58] , ['function'] : [__construct] , ['class'] : [controllers\AjaxController] , ['type'] : [->] 
 args : ['args'] : [] , ['object'] : [{*_ajaxModel : } , ]
['file'] : [/home/kueawici/public_html/libs/MVC/AbstractController.php] , ['line'] : [34] , ['function'] : [init] , ['class'] : [MVC\AbstractController] , ['type'] : [->] 
 args : ['args'] : [] , ['object'] : [{0 : } , {1 : land} , {2 : ajax} , {3 : getCottages} , {_controller_path : controllers\AjaxController} , {_controller_action : getCottagesAction} , {_controller_view : /home/kueawici/public_html/modules/land/views/ajax/getCottages.phtml} , {db.conn : mysql:host=localhost;dbname=fb790567_testins} , {db.user : fb790567_testins} , {db.pass : 746dsgecr} , {db.conn_mssql : odbc:Driver=FreeTDS; Server=109.120.186.57; Port=1433; Database=Transport_Bugulma} , {db.user_mssql : bugulma} , {db.pass_mssql : bugulma} , {super.user : root} , {super.pass : 190892} , {application.display_errors : 1} , {application.trace_errors : 1} , {application.defaultModule : application} , {application.writelog : 1} , {application.writelog.trace : 1} , {modules.application.active : 1} , {modules.admin.active : 1} , {modules.hookahmap.active : 1} , {modules.land.active : 1} , {modules.narts.active : 1} , {module_name : land} , {controller_name : ajax} , {0 : /land/ajax/getCottages} , {action_name : getCottages} , {default_module_name : application} , {_module_name : land} , ]
['file'] : [/home/kueawici/public_html/libs/MVC/Controller.php] , ['line'] : [7] , ['function'] : [run] , ['class'] : [MVC\AbstractController] , ['type'] : [->] 
 args : ['args'] : [] , ['object'] : [{0 : } , {1 : land} , {2 : ajax} , {3 : getCottages} , {_controller_path : controllers\AjaxController} , {_controller_action : getCottagesAction} , {_controller_view : /home/kueawici/public_html/modules/land/views/ajax/getCottages.phtml} , {db.conn : mysql:host=localhost;dbname=fb790567_testins} , {db.user : fb790567_testins} , {db.pass : 746dsgecr} , {db.conn_mssql : odbc:Driver=FreeTDS; Server=109.120.186.57; Port=1433; Database=Transport_Bugulma} , {db.user_mssql : bugulma} , {db.pass_mssql : bugulma} , {super.user : root} , {super.pass : 190892} , {application.display_errors : 1} , {application.trace_errors : 1} , {application.defaultModule : application} , {application.writelog : 1} , {application.writelog.trace : 1} , {modules.application.active : 1} , {modules.admin.active : 1} , {modules.hookahmap.active : 1} , {modules.land.active : 1} , {modules.narts.active : 1} , {module_name : land} , {controller_name : ajax} , {0 : /land/ajax/getCottages} , {action_name : getCottages} , {default_module_name : application} , {_module_name : land} , ]
['file'] : [/home/kueawici/public_html/modules/land/autoload.module.php] , ['line'] : [24] , ['function'] : [run] , ['class'] : [MVC\Controller] , ['type'] : [->] 
 args : ['args'] : [] , ['object'] : [{0 : } , {1 : land} , {2 : ajax} , {3 : getCottages} , {_controller_path : controllers\AjaxController} , {_controller_action : getCottagesAction} , {_controller_view : /home/kueawici/public_html/modules/land/views/ajax/getCottages.phtml} , {db.conn : mysql:host=localhost;dbname=fb790567_testins} , {db.user : fb790567_testins} , {db.pass : 746dsgecr} , {db.conn_mssql : odbc:Driver=FreeTDS; Server=109.120.186.57; Port=1433; Database=Transport_Bugulma} , {db.user_mssql : bugulma} , {db.pass_mssql : bugulma} , {super.user : root} , {super.pass : 190892} , {application.display_errors : 1} , {application.trace_errors : 1} , {application.defaultModule : application} , {application.writelog : 1} , {application.writelog.trace : 1} , {modules.application.active : 1} , {modules.admin.active : 1} , {modules.hookahmap.active : 1} , {modules.land.active : 1} , {modules.narts.active : 1} , {module_name : land} , {controller_name : ajax} , {0 : /land/ajax/getCottages} , {action_name : getCottages} , {default_module_name : application} , {_module_name : land} , ]
['file'] : [/home/kueawici/public_html/index.php] , ['line'] : [10] , ['function'] : [require_once] , ['class'] : [] , ['type'] : [] 
 args : ['args'] : [{0 : /home/kueawici/public_html/modules/land/autoload.module.php} , ] , ['object'] : []


------------Exeption------------
time : 05:08:03
message : Error DataBase Connection: SQLSTATE[28000] [1045] Access denied for user 'fb790567_testins'@'localhost' (using password: YES)
trace : 
['file'] : [/home/kueawici/public_html/libs/Db/DbQuery.php] , ['line'] : [17] , ['function'] : [__construct] , ['class'] : [Db\Db] , ['type'] : [->] 
 args : ['args'] : [{0 : mysql} , ] , ['object'] : [{_sql : } , {*_db : } , {*_pdo : } , ]
['file'] : [/home/kueawici/public_html/modules/land/model/AjaxModel.php] , ['line'] : [14] , ['function'] : [__construct] , ['class'] : [Db\DbQuery] , ['type'] : [->] 
 args : ['args'] : [] , ['object'] : [{_sql : } , {*_db : } , {*_pdo : } , ]
['file'] : [/home/kueawici/public_html/modules/land/controllers/AjaxController.php] , ['line'] : [15] , ['function'] : [__construct] , ['class'] : [model\AjaxModel] , ['type'] : [->] 
 args : ['args'] : [] , ['object'] : [{model\AjaxModel_db : } , ]
['file'] : [/home/kueawici/public_html/libs/MVC/AbstractController.php] , ['line'] : [58] , ['function'] : [__construct] , ['class'] : [controllers\AjaxController] , ['type'] : [->] 
 args : ['args'] : [] , ['object'] : [{*_ajaxModel : } , ]
['file'] : [/home/kueawici/public_html/libs/MVC/AbstractController.php] , ['line'] : [34] , ['function'] : [init] , ['class'] : [MVC\AbstractController] , ['type'] : [->] 
 args : ['args'] : [] , ['object'] : [{0 : } , {1 : land} , {2 : ajax} , {3 : getCities} , {_controller_path : controllers\AjaxController} , {_controller_action : getCitiesAction} , {_controller_view : /home/kueawici/public_html/modules/land/views/ajax/getCities.phtml} , {db.conn : mysql:host=localhost;dbname=fb790567_testins} , {db.user : fb790567_testins} , {db.pass : 746dsgecr} , {db.conn_mssql : odbc:Driver=FreeTDS; Server=109.120.186.57; Port=1433; Database=Transport_Bugulma} , {db.user_mssql : bugulma} , {db.pass_mssql : bugulma} , {super.user : root} , {super.pass : 190892} , {application.display_errors : 1} , {application.trace_errors : 1} , {application.defaultModule : application} , {application.writelog : 1} , {application.writelog.trace : 1} , {modules.application.active : 1} , {modules.admin.active : 1} , {modules.hookahmap.active : 1} , {modules.land.active : 1} , {modules.narts.active : 1} , {module_name : land} , {controller_name : ajax} , {0 : /land/ajax/getCities} , {action_name : getCities} , {default_module_name : application} , {_module_name : land} , ]
['file'] : [/home/kueawici/public_html/libs/MVC/Controller.php] , ['line'] : [7] , ['function'] : [run] , ['class'] : [MVC\AbstractController] , ['type'] : [->] 
 args : ['args'] : [] , ['object'] : [{0 : } , {1 : land} , {2 : ajax} , {3 : getCities} , {_controller_path : controllers\AjaxController} , {_controller_action : getCitiesAction} , {_controller_view : /home/kueawici/public_html/modules/land/views/ajax/getCities.phtml} , {db.conn : mysql:host=localhost;dbname=fb790567_testins} , {db.user : fb790567_testins} , {db.pass : 746dsgecr} , {db.conn_mssql : odbc:Driver=FreeTDS; Server=109.120.186.57; Port=1433; Database=Transport_Bugulma} , {db.user_mssql : bugulma} , {db.pass_mssql : bugulma} , {super.user : root} , {super.pass : 190892} , {application.display_errors : 1} , {application.trace_errors : 1} , {application.defaultModule : application} , {application.writelog : 1} , {application.writelog.trace : 1} , {modules.application.active : 1} , {modules.admin.active : 1} , {modules.hookahmap.active : 1} , {modules.land.active : 1} , {modules.narts.active : 1} , {module_name : land} , {controller_name : ajax} , {0 : /land/ajax/getCities} , {action_name : getCities} , {default_module_name : application} , {_module_name : land} , ]
['file'] : [/home/kueawici/public_html/modules/land/autoload.module.php] , ['line'] : [24] , ['function'] : [run] , ['class'] : [MVC\Controller] , ['type'] : [->] 
 args : ['args'] : [] , ['object'] : [{0 : } , {1 : land} , {2 : ajax} , {3 : getCities} , {_controller_path : controllers\AjaxController} , {_controller_action : getCitiesAction} , {_controller_view : /home/kueawici/public_html/modules/land/views/ajax/getCities.phtml} , {db.conn : mysql:host=localhost;dbname=fb790567_testins} , {db.user : fb790567_testins} , {db.pass : 746dsgecr} , {db.conn_mssql : odbc:Driver=FreeTDS; Server=109.120.186.57; Port=1433; Database=Transport_Bugulma} , {db.user_mssql : bugulma} , {db.pass_mssql : bugulma} , {super.user : root} , {super.pass : 190892} , {application.display_errors : 1} , {application.trace_errors : 1} , {application.defaultModule : application} , {application.writelog : 1} , {application.writelog.trace : 1} , {modules.application.active : 1} , {modules.admin.active : 1} , {modules.hookahmap.active : 1} , {modules.land.active : 1} , {modules.narts.active : 1} , {module_name : land} , {controller_name : ajax} , {0 : /land/ajax/getCities} , {action_name : getCities} , {default_module_name : application} , {_module_name : land} , ]
['file'] : [/home/kueawici/public_html/index.php] , ['line'] : [10] , ['function'] : [require_once] , ['class'] : [] , ['type'] : [] 
 args : ['args'] : [{0 : /home/kueawici/public_html/modules/land/autoload.module.php} , ] , ['object'] : []


------------Exeption------------
time : 05:12:28
message : Error DataBase Connection: SQLSTATE[28000] [1045] Access denied for user 'fb790567_testins'@'localhost' (using password: YES)
trace : 
['file'] : [/home/kueawici/public_html/libs/Db/DbQuery.php] , ['line'] : [17] , ['function'] : [__construct] , ['class'] : [Db\Db] , ['type'] : [->] 
 args : ['args'] : [{0 : mysql} , ] , ['object'] : [{_sql : } , {*_db : } , {*_pdo : } , ]
['file'] : [/home/kueawici/public_html/modules/land/model/AjaxModel.php] , ['line'] : [14] , ['function'] : [__construct] , ['class'] : [Db\DbQuery] , ['type'] : [->] 
 args : ['args'] : [] , ['object'] : [{_sql : } , {*_db : } , {*_pdo : } , ]
['file'] : [/home/kueawici/public_html/modules/land/controllers/AjaxController.php] , ['line'] : [15] , ['function'] : [__construct] , ['class'] : [model\AjaxModel] , ['type'] : [->] 
 args : ['args'] : [] , ['object'] : [{model\AjaxModel_db : } , ]
['file'] : [/home/kueawici/public_html/libs/MVC/AbstractController.php] , ['line'] : [58] , ['function'] : [__construct] , ['class'] : [controllers\AjaxController] , ['type'] : [->] 
 args : ['args'] : [] , ['object'] : [{*_ajaxModel : } , ]
['file'] : [/home/kueawici/public_html/libs/MVC/AbstractController.php] , ['line'] : [34] , ['function'] : [init] , ['class'] : [MVC\AbstractController] , ['type'] : [->] 
 args : ['args'] : [] , ['object'] : [{0 : } , {1 : land} , {2 : ajax} , {3 : getCottages} , {_controller_path : controllers\AjaxController} , {_controller_action : getCottagesAction} , {_controller_view : /home/kueawici/public_html/modules/land/views/ajax/getCottages.phtml} , {db.conn : mysql:host=localhost;dbname=fb790567_testins} , {db.user : fb790567_testins} , {db.pass : 746dsgecr} , {db.conn_mssql : odbc:Driver=FreeTDS; Server=109.120.186.57; Port=1433; Database=Transport_Bugulma} , {db.user_mssql : bugulma} , {db.pass_mssql : bugulma} , {super.user : root} , {super.pass : 190892} , {application.display_errors : 1} , {application.trace_errors : 1} , {application.defaultModule : application} , {application.writelog : 1} , {application.writelog.trace : 1} , {modules.application.active : 1} , {modules.admin.active : 1} , {modules.hookahmap.active : 1} , {modules.land.active : 1} , {modules.narts.active : 1} , {module_name : land} , {controller_name : ajax} , {0 : /land/ajax/getCottages} , {action_name : getCottages} , {default_module_name : application} , {_module_name : land} , ]
['file'] : [/home/kueawici/public_html/libs/MVC/Controller.php] , ['line'] : [7] , ['function'] : [run] , ['class'] : [MVC\AbstractController] , ['type'] : [->] 
 args : ['args'] : [] , ['object'] : [{0 : } , {1 : land} , {2 : ajax} , {3 : getCottages} , {_controller_path : controllers\AjaxController} , {_controller_action : getCottagesAction} , {_controller_view : /home/kueawici/public_html/modules/land/views/ajax/getCottages.phtml} , {db.conn : mysql:host=localhost;dbname=fb790567_testins} , {db.user : fb790567_testins} , {db.pass : 746dsgecr} , {db.conn_mssql : odbc:Driver=FreeTDS; Server=109.120.186.57; Port=1433; Database=Transport_Bugulma} , {db.user_mssql : bugulma} , {db.pass_mssql : bugulma} , {super.user : root} , {super.pass : 190892} , {application.display_errors : 1} , {application.trace_errors : 1} , {application.defaultModule : application} , {application.writelog : 1} , {application.writelog.trace : 1} , {modules.application.active : 1} , {modules.admin.active : 1} , {modules.hookahmap.active : 1} , {modules.land.active : 1} , {modules.narts.active : 1} , {module_name : land} , {controller_name : ajax} , {0 : /land/ajax/getCottages} , {action_name : getCottages} , {default_module_name : application} , {_module_name : land} , ]
['file'] : [/home/kueawici/public_html/modules/land/autoload.module.php] , ['line'] : [24] , ['function'] : [run] , ['class'] : [MVC\Controller] , ['type'] : [->] 
 args : ['args'] : [] , ['object'] : [{0 : } , {1 : land} , {2 : ajax} , {3 : getCottages} , {_controller_path : controllers\AjaxController} , {_controller_action : getCottagesAction} , {_controller_view : /home/kueawici/public_html/modules/land/views/ajax/getCottages.phtml} , {db.conn : mysql:host=localhost;dbname=fb790567_testins} , {db.user : fb790567_testins} , {db.pass : 746dsgecr} , {db.conn_mssql : odbc:Driver=FreeTDS; Server=109.120.186.57; Port=1433; Database=Transport_Bugulma} , {db.user_mssql : bugulma} , {db.pass_mssql : bugulma} , {super.user : root} , {super.pass : 190892} , {application.display_errors : 1} , {application.trace_errors : 1} , {application.defaultModule : application} , {application.writelog : 1} , {application.writelog.trace : 1} , {modules.application.active : 1} , {modules.admin.active : 1} , {modules.hookahmap.active : 1} , {modules.land.active : 1} , {modules.narts.active : 1} , {module_name : land} , {controller_name : ajax} , {0 : /land/ajax/getCottages} , {action_name : getCottages} , {default_module_name : application} , {_module_name : land} , ]
['file'] : [/home/kueawici/public_html/index.php] , ['line'] : [10] , ['function'] : [require_once] , ['class'] : [] , ['type'] : [] 
 args : ['args'] : [{0 : /home/kueawici/public_html/modules/land/autoload.module.php} , ] , ['object'] : []


------------Exeption------------
time : 05:12:28
message : Error DataBase Connection: SQLSTATE[28000] [1045] Access denied for user 'fb790567_testins'@'localhost' (using password: YES)
trace : 
['file'] : [/home/kueawici/public_html/libs/Db/DbQuery.php] , ['line'] : [17] , ['function'] : [__construct] , ['class'] : [Db\Db] , ['type'] : [->] 
 args : ['args'] : [{0 : mysql} , ] , ['object'] : [{_sql : } , {*_db : } , {*_pdo : } , ]
['file'] : [/home/kueawici/public_html/modules/land/model/AjaxModel.php] , ['line'] : [14] , ['function'] : [__construct] , ['class'] : [Db\DbQuery] , ['type'] : [->] 
 args : ['args'] : [] , ['object'] : [{_sql : } , {*_db : } , {*_pdo : } , ]
['file'] : [/home/kueawici/public_html/modules/land/controllers/AjaxController.php] , ['line'] : [15] , ['function'] : [__construct] , ['class'] : [model\AjaxModel] , ['type'] : [->] 
 args : ['args'] : [] , ['object'] : [{model\AjaxModel_db : } , ]
['file'] : [/home/kueawici/public_html/libs/MVC/AbstractController.php] , ['line'] : [58] , ['function'] : [__construct] , ['class'] : [controllers\AjaxController] , ['type'] : [->] 
 args : ['args'] : [] , ['object'] : [{*_ajaxModel : } , ]
['file'] : [/home/kueawici/public_html/libs/MVC/AbstractController.php] , ['line'] : [34] , ['function'] : [init] , ['class'] : [MVC\AbstractController] , ['type'] : [->] 
 args : ['args'] : [] , ['object'] : [{0 : } , {1 : land} , {2 : ajax} , {3 : getCities} , {_controller_path : controllers\AjaxController} , {_controller_action : getCitiesAction} , {_controller_view : /home/kueawici/public_html/modules/land/views/ajax/getCities.phtml} , {db.conn : mysql:host=localhost;dbname=fb790567_testins} , {db.user : fb790567_testins} , {db.pass : 746dsgecr} , {db.conn_mssql : odbc:Driver=FreeTDS; Server=109.120.186.57; Port=1433; Database=Transport_Bugulma} , {db.user_mssql : bugulma} , {db.pass_mssql : bugulma} , {super.user : root} , {super.pass : 190892} , {application.display_errors : 1} , {application.trace_errors : 1} , {application.defaultModule : application} , {application.writelog : 1} , {application.writelog.trace : 1} , {modules.application.active : 1} , {modules.admin.active : 1} , {modules.hookahmap.active : 1} , {modules.land.active : 1} , {modules.narts.active : 1} , {module_name : land} , {controller_name : ajax} , {0 : /land/ajax/getCities} , {action_name : getCities} , {default_module_name : application} , {_module_name : land} , ]
['file'] : [/home/kueawici/public_html/libs/MVC/Controller.php] , ['line'] : [7] , ['function'] : [run] , ['class'] : [MVC\AbstractController] , ['type'] : [->] 
 args : ['args'] : [] , ['object'] : [{0 : } , {1 : land} , {2 : ajax} , {3 : getCities} , {_controller_path : controllers\AjaxController} , {_controller_action : getCitiesAction} , {_controller_view : /home/kueawici/public_html/modules/land/views/ajax/getCities.phtml} , {db.conn : mysql:host=localhost;dbname=fb790567_testins} , {db.user : fb790567_testins} , {db.pass : 746dsgecr} , {db.conn_mssql : odbc:Driver=FreeTDS; Server=109.120.186.57; Port=1433; Database=Transport_Bugulma} , {db.user_mssql : bugulma} , {db.pass_mssql : bugulma} , {super.user : root} , {super.pass : 190892} , {application.display_errors : 1} , {application.trace_errors : 1} , {application.defaultModule : application} , {application.writelog : 1} , {application.writelog.trace : 1} , {modules.application.active : 1} , {modules.admin.active : 1} , {modules.hookahmap.active : 1} , {modules.land.active : 1} , {modules.narts.active : 1} , {module_name : land} , {controller_name : ajax} , {0 : /land/ajax/getCities} , {action_name : getCities} , {default_module_name : application} , {_module_name : land} , ]
['file'] : [/home/kueawici/public_html/modules/land/autoload.module.php] , ['line'] : [24] , ['function'] : [run] , ['class'] : [MVC\Controller] , ['type'] : [->] 
 args : ['args'] : [] , ['object'] : [{0 : } , {1 : land} , {2 : ajax} , {3 : getCities} , {_controller_path : controllers\AjaxController} , {_controller_action : getCitiesAction} , {_controller_view : /home/kueawici/public_html/modules/land/views/ajax/getCities.phtml} , {db.conn : mysql:host=localhost;dbname=fb790567_testins} , {db.user : fb790567_testins} , {db.pass : 746dsgecr} , {db.conn_mssql : odbc:Driver=FreeTDS; Server=109.120.186.57; Port=1433; Database=Transport_Bugulma} , {db.user_mssql : bugulma} , {db.pass_mssql : bugulma} , {super.user : root} , {super.pass : 190892} , {application.display_errors : 1} , {application.trace_errors : 1} , {application.defaultModule : application} , {application.writelog : 1} , {application.writelog.trace : 1} , {modules.application.active : 1} , {modules.admin.active : 1} , {modules.hookahmap.active : 1} , {modules.land.active : 1} , {modules.narts.active : 1} , {module_name : land} , {controller_name : ajax} , {0 : /land/ajax/getCities} , {action_name : getCities} , {default_module_name : application} , {_module_name : land} , ]
['file'] : [/home/kueawici/public_html/index.php] , ['line'] : [10] , ['function'] : [require_once] , ['class'] : [] , ['type'] : [] 
 args : ['args'] : [{0 : /home/kueawici/public_html/modules/land/autoload.module.php} , ] , ['object'] : []


------------Exeption------------
time : 05:12:30
message : Error DataBase Connection: SQLSTATE[28000] [1045] Access denied for user 'fb790567_testins'@'localhost' (using password: YES)
trace : 
['file'] : [/home/kueawici/public_html/libs/Db/DbQuery.php] , ['line'] : [17] , ['function'] : [__construct] , ['class'] : [Db\Db] , ['type'] : [->] 
 args : ['args'] : [{0 : mysql} , ] , ['object'] : [{_sql : } , {*_db : } , {*_pdo : } , ]
['file'] : [/home/kueawici/public_html/modules/land/model/AjaxModel.php] , ['line'] : [14] , ['function'] : [__construct] , ['class'] : [Db\DbQuery] , ['type'] : [->] 
 args : ['args'] : [] , ['object'] : [{_sql : } , {*_db : } , {*_pdo : } , ]
['file'] : [/home/kueawici/public_html/modules/land/controllers/AjaxController.php] , ['line'] : [15] , ['function'] : [__construct] , ['class'] : [model\AjaxModel] , ['type'] : [->] 
 args : ['args'] : [] , ['object'] : [{model\AjaxModel_db : } , ]
['file'] : [/home/kueawici/public_html/libs/MVC/AbstractController.php] , ['line'] : [58] , ['function'] : [__construct] , ['class'] : [controllers\AjaxController] , ['type'] : [->] 
 args : ['args'] : [] , ['object'] : [{*_ajaxModel : } , ]
['file'] : [/home/kueawici/public_html/libs/MVC/AbstractController.php] , ['line'] : [34] , ['function'] : [init] , ['class'] : [MVC\AbstractController] , ['type'] : [->] 
 args : ['args'] : [] , ['object'] : [{0 : } , {1 : land} , {2 : ajax} , {3 : getCities} , {_controller_path : controllers\AjaxController} , {_controller_action : getCitiesAction} , {_controller_view : /home/kueawici/public_html/modules/land/views/ajax/getCities.phtml} , {db.conn : mysql:host=localhost;dbname=fb790567_testins} , {db.user : fb790567_testins} , {db.pass : 746dsgecr} , {db.conn_mssql : odbc:Driver=FreeTDS; Server=109.120.186.57; Port=1433; Database=Transport_Bugulma} , {db.user_mssql : bugulma} , {db.pass_mssql : bugulma} , {super.user : root} , {super.pass : 190892} , {application.display_errors : 1} , {application.trace_errors : 1} , {application.defaultModule : application} , {application.writelog : 1} , {application.writelog.trace : 1} , {modules.application.active : 1} , {modules.admin.active : 1} , {modules.hookahmap.active : 1} , {modules.land.active : 1} , {modules.narts.active : 1} , {module_name : land} , {controller_name : ajax} , {0 : /land/ajax/getCities} , {action_name : getCities} , {default_module_name : application} , {_module_name : land} , ]
['file'] : [/home/kueawici/public_html/libs/MVC/Controller.php] , ['line'] : [7] , ['function'] : [run] , ['class'] : [MVC\AbstractController] , ['type'] : [->] 
 args : ['args'] : [] , ['object'] : [{0 : } , {1 : land} , {2 : ajax} , {3 : getCities} , {_controller_path : controllers\AjaxController} , {_controller_action : getCitiesAction} , {_controller_view : /home/kueawici/public_html/modules/land/views/ajax/getCities.phtml} , {db.conn : mysql:host=localhost;dbname=fb790567_testins} , {db.user : fb790567_testins} , {db.pass : 746dsgecr} , {db.conn_mssql : odbc:Driver=FreeTDS; Server=109.120.186.57; Port=1433; Database=Transport_Bugulma} , {db.user_mssql : bugulma} , {db.pass_mssql : bugulma} , {super.user : root} , {super.pass : 190892} , {application.display_errors : 1} , {application.trace_errors : 1} , {application.defaultModule : application} , {application.writelog : 1} , {application.writelog.trace : 1} , {modules.application.active : 1} , {modules.admin.active : 1} , {modules.hookahmap.active : 1} , {modules.land.active : 1} , {modules.narts.active : 1} , {module_name : land} , {controller_name : ajax} , {0 : /land/ajax/getCities} , {action_name : getCities} , {default_module_name : application} , {_module_name : land} , ]
['file'] : [/home/kueawici/public_html/modules/land/autoload.module.php] , ['line'] : [24] , ['function'] : [run] , ['class'] : [MVC\Controller] , ['type'] : [->] 
 args : ['args'] : [] , ['object'] : [{0 : } , {1 : land} , {2 : ajax} , {3 : getCities} , {_controller_path : controllers\AjaxController} , {_controller_action : getCitiesAction} , {_controller_view : /home/kueawici/public_html/modules/land/views/ajax/getCities.phtml} , {db.conn : mysql:host=localhost;dbname=fb790567_testins} , {db.user : fb790567_testins} , {db.pass : 746dsgecr} , {db.conn_mssql : odbc:Driver=FreeTDS; Server=109.120.186.57; Port=1433; Database=Transport_Bugulma} , {db.user_mssql : bugulma} , {db.pass_mssql : bugulma} , {super.user : root} , {super.pass : 190892} , {application.display_errors : 1} , {application.trace_errors : 1} , {application.defaultModule : application} , {application.writelog : 1} , {application.writelog.trace : 1} , {modules.application.active : 1} , {modules.admin.active : 1} , {modules.hookahmap.active : 1} , {modules.land.active : 1} , {modules.narts.active : 1} , {module_name : land} , {controller_name : ajax} , {0 : /land/ajax/getCities} , {action_name : getCities} , {default_module_name : application} , {_module_name : land} , ]
['file'] : [/home/kueawici/public_html/index.php] , ['line'] : [10] , ['function'] : [require_once] , ['class'] : [] , ['type'] : [] 
 args : ['args'] : [{0 : /home/kueawici/public_html/modules/land/autoload.module.php} , ] , ['object'] : []


------------Exeption------------
time : 05:12:30
message : Error DataBase Connection: SQLSTATE[28000] [1045] Access denied for user 'fb790567_testins'@'localhost' (using password: YES)
trace : 
['file'] : [/home/kueawici/public_html/libs/Db/DbQuery.php] , ['line'] : [17] , ['function'] : [__construct] , ['class'] : [Db\Db] , ['type'] : [->] 
 args : ['args'] : [{0 : mysql} , ] , ['object'] : [{_sql : } , {*_db : } , {*_pdo : } , ]
['file'] : [/home/kueawici/public_html/modules/land/model/AjaxModel.php] , ['line'] : [14] , ['function'] : [__construct] , ['class'] : [Db\DbQuery] , ['type'] : [->] 
 args : ['args'] : [] , ['object'] : [{_sql : } , {*_db : } , {*_pdo : } , ]
['file'] : [/home/kueawici/public_html/modules/land/controllers/AjaxController.php] , ['line'] : [15] , ['function'] : [__construct] , ['class'] : [model\AjaxModel] , ['type'] : [->] 
 args : ['args'] : [] , ['object'] : [{model\AjaxModel_db : } , ]
['file'] : [/home/kueawici/public_html/libs/MVC/AbstractController.php] , ['line'] : [58] , ['function'] : [__construct] , ['class'] : [controllers\AjaxController] , ['type'] : [->] 
 args : ['args'] : [] , ['object'] : [{*_ajaxModel : } , ]
['file'] : [/home/kueawici/public_html/libs/MVC/AbstractController.php] , ['line'] : [34] , ['function'] : [init] , ['class'] : [MVC\AbstractController] , ['type'] : [->] 
 args : ['args'] : [] , ['object'] : [{0 : } , {1 : land} , {2 : ajax} , {3 : getCottages} , {_controller_path : controllers\AjaxController} , {_controller_action : getCottagesAction} , {_controller_view : /home/kueawici/public_html/modules/land/views/ajax/getCottages.phtml} , {db.conn : mysql:host=localhost;dbname=fb790567_testins} , {db.user : fb790567_testins} , {db.pass : 746dsgecr} , {db.conn_mssql : odbc:Driver=FreeTDS; Server=109.120.186.57; Port=1433; Database=Transport_Bugulma} , {db.user_mssql : bugulma} , {db.pass_mssql : bugulma} , {super.user : root} , {super.pass : 190892} , {application.display_errors : 1} , {application.trace_errors : 1} , {application.defaultModule : application} , {application.writelog : 1} , {application.writelog.trace : 1} , {modules.application.active : 1} , {modules.admin.active : 1} , {modules.hookahmap.active : 1} , {modules.land.active : 1} , {modules.narts.active : 1} , {module_name : land} , {controller_name : ajax} , {0 : /land/ajax/getCottages} , {action_name : getCottages} , {default_module_name : application} , {_module_name : land} , ]
['file'] : [/home/kueawici/public_html/libs/MVC/Controller.php] , ['line'] : [7] , ['function'] : [run] , ['class'] : [MVC\AbstractController] , ['type'] : [->] 
 args : ['args'] : [] , ['object'] : [{0 : } , {1 : land} , {2 : ajax} , {3 : getCottages} , {_controller_path : controllers\AjaxController} , {_controller_action : getCottagesAction} , {_controller_view : /home/kueawici/public_html/modules/land/views/ajax/getCottages.phtml} , {db.conn : mysql:host=localhost;dbname=fb790567_testins} , {db.user : fb790567_testins} , {db.pass : 746dsgecr} , {db.conn_mssql : odbc:Driver=FreeTDS; Server=109.120.186.57; Port=1433; Database=Transport_Bugulma} , {db.user_mssql : bugulma} , {db.pass_mssql : bugulma} , {super.user : root} , {super.pass : 190892} , {application.display_errors : 1} , {application.trace_errors : 1} , {application.defaultModule : application} , {application.writelog : 1} , {application.writelog.trace : 1} , {modules.application.active : 1} , {modules.admin.active : 1} , {modules.hookahmap.active : 1} , {modules.land.active : 1} , {modules.narts.active : 1} , {module_name : land} , {controller_name : ajax} , {0 : /land/ajax/getCottages} , {action_name : getCottages} , {default_module_name : application} , {_module_name : land} , ]
['file'] : [/home/kueawici/public_html/modules/land/autoload.module.php] , ['line'] : [24] , ['function'] : [run] , ['class'] : [MVC\Controller] , ['type'] : [->] 
 args : ['args'] : [] , ['object'] : [{0 : } , {1 : land} , {2 : ajax} , {3 : getCottages} , {_controller_path : controllers\AjaxController} , {_controller_action : getCottagesAction} , {_controller_view : /home/kueawici/public_html/modules/land/views/ajax/getCottages.phtml} , {db.conn : mysql:host=localhost;dbname=fb790567_testins} , {db.user : fb790567_testins} , {db.pass : 746dsgecr} , {db.conn_mssql : odbc:Driver=FreeTDS; Server=109.120.186.57; Port=1433; Database=Transport_Bugulma} , {db.user_mssql : bugulma} , {db.pass_mssql : bugulma} , {super.user : root} , {super.pass : 190892} , {application.display_errors : 1} , {application.trace_errors : 1} , {application.defaultModule : application} , {application.writelog : 1} , {application.writelog.trace : 1} , {modules.application.active : 1} , {modules.admin.active : 1} , {modules.hookahmap.active : 1} , {modules.land.active : 1} , {modules.narts.active : 1} , {module_name : land} , {controller_name : ajax} , {0 : /land/ajax/getCottages} , {action_name : getCottages} , {default_module_name : application} , {_module_name : land} , ]
['file'] : [/home/kueawici/public_html/index.php] , ['line'] : [10] , ['function'] : [require_once] , ['class'] : [] , ['type'] : [] 
 args : ['args'] : [{0 : /home/kueawici/public_html/modules/land/autoload.module.php} , ] , ['object'] : []


------------Exeption------------
time : 05:12:33
message : Error DataBase Connection: SQLSTATE[28000] [1045] Access denied for user 'fb790567_testins'@'localhost' (using password: YES)
trace : 
['file'] : [/home/kueawici/public_html/libs/Db/DbQuery.php] , ['line'] : [17] , ['function'] : [__construct] , ['class'] : [Db\Db] , ['type'] : [->] 
 args : ['args'] : [{0 : mysql} , ] , ['object'] : [{_sql : } , {*_db : } , {*_pdo : } , ]
['file'] : [/home/kueawici/public_html/modules/land/model/AjaxModel.php] , ['line'] : [14] , ['function'] : [__construct] , ['class'] : [Db\DbQuery] , ['type'] : [->] 
 args : ['args'] : [] , ['object'] : [{_sql : } , {*_db : } , {*_pdo : } , ]
['file'] : [/home/kueawici/public_html/modules/land/controllers/AjaxController.php] , ['line'] : [15] , ['function'] : [__construct] , ['class'] : [model\AjaxModel] , ['type'] : [->] 
 args : ['args'] : [] , ['object'] : [{model\AjaxModel_db : } , ]
['file'] : [/home/kueawici/public_html/libs/MVC/AbstractController.php] , ['line'] : [58] , ['function'] : [__construct] , ['class'] : [controllers\AjaxController] , ['type'] : [->] 
 args : ['args'] : [] , ['object'] : [{*_ajaxModel : } , ]
['file'] : [/home/kueawici/public_html/libs/MVC/AbstractController.php] , ['line'] : [34] , ['function'] : [init] , ['class'] : [MVC\AbstractController] , ['type'] : [->] 
 args : ['args'] : [] , ['object'] : [{0 : } , {1 : land} , {2 : ajax} , {3 : getCities} , {_controller_path : controllers\AjaxController} , {_controller_action : getCitiesAction} , {_controller_view : /home/kueawici/public_html/modules/land/views/ajax/getCities.phtml} , {db.conn : mysql:host=localhost;dbname=fb790567_testins} , {db.user : fb790567_testins} , {db.pass : 746dsgecr} , {db.conn_mssql : odbc:Driver=FreeTDS; Server=109.120.186.57; Port=1433; Database=Transport_Bugulma} , {db.user_mssql : bugulma} , {db.pass_mssql : bugulma} , {super.user : root} , {super.pass : 190892} , {application.display_errors : 1} , {application.trace_errors : 1} , {application.defaultModule : application} , {application.writelog : 1} , {application.writelog.trace : 1} , {modules.application.active : 1} , {modules.admin.active : 1} , {modules.hookahmap.active : 1} , {modules.land.active : 1} , {modules.narts.active : 1} , {module_name : land} , {controller_name : ajax} , {0 : /land/ajax/getCities} , {action_name : getCities} , {default_module_name : application} , {_module_name : land} , ]
['file'] : [/home/kueawici/public_html/libs/MVC/Controller.php] , ['line'] : [7] , ['function'] : [run] , ['class'] : [MVC\AbstractController] , ['type'] : [->] 
 args : ['args'] : [] , ['object'] : [{0 : } , {1 : land} , {2 : ajax} , {3 : getCities} , {_controller_path : controllers\AjaxController} , {_controller_action : getCitiesAction} , {_controller_view : /home/kueawici/public_html/modules/land/views/ajax/getCities.phtml} , {db.conn : mysql:host=localhost;dbname=fb790567_testins} , {db.user : fb790567_testins} , {db.pass : 746dsgecr} , {db.conn_mssql : odbc:Driver=FreeTDS; Server=109.120.186.57; Port=1433; Database=Transport_Bugulma} , {db.user_mssql : bugulma} , {db.pass_mssql : bugulma} , {super.user : root} , {super.pass : 190892} , {application.display_errors : 1} , {application.trace_errors : 1} , {application.defaultModule : application} , {application.writelog : 1} , {application.writelog.trace : 1} , {modules.application.active : 1} , {modules.admin.active : 1} , {modules.hookahmap.active : 1} , {modules.land.active : 1} , {modules.narts.active : 1} , {module_name : land} , {controller_name : ajax} , {0 : /land/ajax/getCities} , {action_name : getCities} , {default_module_name : application} , {_module_name : land} , ]
['file'] : [/home/kueawici/public_html/modules/land/autoload.module.php] , ['line'] : [24] , ['function'] : [run] , ['class'] : [MVC\Controller] , ['type'] : [->] 
 args : ['args'] : [] , ['object'] : [{0 : } , {1 : land} , {2 : ajax} , {3 : getCities} , {_controller_path : controllers\AjaxController} , {_controller_action : getCitiesAction} , {_controller_view : /home/kueawici/public_html/modules/land/views/ajax/getCities.phtml} , {db.conn : mysql:host=localhost;dbname=fb790567_testins} , {db.user : fb790567_testins} , {db.pass : 746dsgecr} , {db.conn_mssql : odbc:Driver=FreeTDS; Server=109.120.186.57; Port=1433; Database=Transport_Bugulma} , {db.user_mssql : bugulma} , {db.pass_mssql : bugulma} , {super.user : root} , {super.pass : 190892} , {application.display_errors : 1} , {application.trace_errors : 1} , {application.defaultModule : application} , {application.writelog : 1} , {application.writelog.trace : 1} , {modules.application.active : 1} , {modules.admin.active : 1} , {modules.hookahmap.active : 1} , {modules.land.active : 1} , {modules.narts.active : 1} , {module_name : land} , {controller_name : ajax} , {0 : /land/ajax/getCities} , {action_name : getCities} , {default_module_name : application} , {_module_name : land} , ]
['file'] : [/home/kueawici/public_html/index.php] , ['line'] : [10] , ['function'] : [require_once] , ['class'] : [] , ['type'] : [] 
 args : ['args'] : [{0 : /home/kueawici/public_html/modules/land/autoload.module.php} , ] , ['object'] : []


------------Exeption------------
time : 05:12:33
message : Error DataBase Connection: SQLSTATE[28000] [1045] Access denied for user 'fb790567_testins'@'localhost' (using password: YES)
trace : 
['file'] : [/home/kueawici/public_html/libs/Db/DbQuery.php] , ['line'] : [17] , ['function'] : [__construct] , ['class'] : [Db\Db] , ['type'] : [->] 
 args : ['args'] : [{0 : mysql} , ] , ['object'] : [{_sql : } , {*_db : } , {*_pdo : } , ]
['file'] : [/home/kueawici/public_html/modules/land/model/AjaxModel.php] , ['line'] : [14] , ['function'] : [__construct] , ['class'] : [Db\DbQuery] , ['type'] : [->] 
 args : ['args'] : [] , ['object'] : [{_sql : } , {*_db : } , {*_pdo : } , ]
['file'] : [/home/kueawici/public_html/modules/land/controllers/AjaxController.php] , ['line'] : [15] , ['function'] : [__construct] , ['class'] : [model\AjaxModel] , ['type'] : [->] 
 args : ['args'] : [] , ['object'] : [{model\AjaxModel_db : } , ]
['file'] : [/home/kueawici/public_html/libs/MVC/AbstractController.php] , ['line'] : [58] , ['function'] : [__construct] , ['class'] : [controllers\AjaxController] , ['type'] : [->] 
 args : ['args'] : [] , ['object'] : [{*_ajaxModel : } , ]
['file'] : [/home/kueawici/public_html/libs/MVC/AbstractController.php] , ['line'] : [34] , ['function'] : [init] , ['class'] : [MVC\AbstractController] , ['type'] : [->] 
 args : ['args'] : [] , ['object'] : [{0 : } , {1 : land} , {2 : ajax} , {3 : getCottages} , {_controller_path : controllers\AjaxController} , {_controller_action : getCottagesAction} , {_controller_view : /home/kueawici/public_html/modules/land/views/ajax/getCottages.phtml} , {db.conn : mysql:host=localhost;dbname=fb790567_testins} , {db.user : fb790567_testins} , {db.pass : 746dsgecr} , {db.conn_mssql : odbc:Driver=FreeTDS; Server=109.120.186.57; Port=1433; Database=Transport_Bugulma} , {db.user_mssql : bugulma} , {db.pass_mssql : bugulma} , {super.user : root} , {super.pass : 190892} , {application.display_errors : 1} , {application.trace_errors : 1} , {application.defaultModule : application} , {application.writelog : 1} , {application.writelog.trace : 1} , {modules.application.active : 1} , {modules.admin.active : 1} , {modules.hookahmap.active : 1} , {modules.land.active : 1} , {modules.narts.active : 1} , {module_name : land} , {controller_name : ajax} , {0 : /land/ajax/getCottages} , {action_name : getCottages} , {default_module_name : application} , {_module_name : land} , ]
['file'] : [/home/kueawici/public_html/libs/MVC/Controller.php] , ['line'] : [7] , ['function'] : [run] , ['class'] : [MVC\AbstractController] , ['type'] : [->] 
 args : ['args'] : [] , ['object'] : [{0 : } , {1 : land} , {2 : ajax} , {3 : getCottages} , {_controller_path : controllers\AjaxController} , {_controller_action : getCottagesAction} , {_controller_view : /home/kueawici/public_html/modules/land/views/ajax/getCottages.phtml} , {db.conn : mysql:host=localhost;dbname=fb790567_testins} , {db.user : fb790567_testins} , {db.pass : 746dsgecr} , {db.conn_mssql : odbc:Driver=FreeTDS; Server=109.120.186.57; Port=1433; Database=Transport_Bugulma} , {db.user_mssql : bugulma} , {db.pass_mssql : bugulma} , {super.user : root} , {super.pass : 190892} , {application.display_errors : 1} , {application.trace_errors : 1} , {application.defaultModule : application} , {application.writelog : 1} , {application.writelog.trace : 1} , {modules.application.active : 1} , {modules.admin.active : 1} , {modules.hookahmap.active : 1} , {modules.land.active : 1} , {modules.narts.active : 1} , {module_name : land} , {controller_name : ajax} , {0 : /land/ajax/getCottages} , {action_name : getCottages} , {default_module_name : application} , {_module_name : land} , ]
['file'] : [/home/kueawici/public_html/modules/land/autoload.module.php] , ['line'] : [24] , ['function'] : [run] , ['class'] : [MVC\Controller] , ['type'] : [->] 
 args : ['args'] : [] , ['object'] : [{0 : } , {1 : land} , {2 : ajax} , {3 : getCottages} , {_controller_path : controllers\AjaxController} , {_controller_action : getCottagesAction} , {_controller_view : /home/kueawici/public_html/modules/land/views/ajax/getCottages.phtml} , {db.conn : mysql:host=localhost;dbname=fb790567_testins} , {db.user : fb790567_testins} , {db.pass : 746dsgecr} , {db.conn_mssql : odbc:Driver=FreeTDS; Server=109.120.186.57; Port=1433; Database=Transport_Bugulma} , {db.user_mssql : bugulma} , {db.pass_mssql : bugulma} , {super.user : root} , {super.pass : 190892} , {application.display_errors : 1} , {application.trace_errors : 1} , {application.defaultModule : application} , {application.writelog : 1} , {application.writelog.trace : 1} , {modules.application.active : 1} , {modules.admin.active : 1} , {modules.hookahmap.active : 1} , {modules.land.active : 1} , {modules.narts.active : 1} , {module_name : land} , {controller_name : ajax} , {0 : /land/ajax/getCottages} , {action_name : getCottages} , {default_module_name : application} , {_module_name : land} , ]
['file'] : [/home/kueawici/public_html/index.php] , ['line'] : [10] , ['function'] : [require_once] , ['class'] : [] , ['type'] : [] 
 args : ['args'] : [{0 : /home/kueawici/public_html/modules/land/autoload.module.php} , ] , ['object'] : []


------------Exeption------------
time : 05:26:59
message : Error DataBase Connection: SQLSTATE[28000] [1045] Access denied for user 'fb790567_testins'@'localhost' (using password: YES)
trace : 
['file'] : [/home/kueawici/public_html/libs/Db/DbQuery.php] , ['line'] : [17] , ['function'] : [__construct] , ['class'] : [Db\Db] , ['type'] : [->] 
 args : ['args'] : [{0 : mysql} , ] , ['object'] : [{_sql : } , {*_db : } , {*_pdo : } , ]
['file'] : [/home/kueawici/public_html/modules/land/model/AjaxModel.php] , ['line'] : [14] , ['function'] : [__construct] , ['class'] : [Db\DbQuery] , ['type'] : [->] 
 args : ['args'] : [] , ['object'] : [{_sql : } , {*_db : } , {*_pdo : } , ]
['file'] : [/home/kueawici/public_html/modules/land/controllers/AjaxController.php] , ['line'] : [15] , ['function'] : [__construct] , ['class'] : [model\AjaxModel] , ['type'] : [->] 
 args : ['args'] : [] , ['object'] : [{model\AjaxModel_db : } , ]
['file'] : [/home/kueawici/public_html/libs/MVC/AbstractController.php] , ['line'] : [58] , ['function'] : [__construct] , ['class'] : [controllers\AjaxController] , ['type'] : [->] 
 args : ['args'] : [] , ['object'] : [{*_ajaxModel : } , ]
['file'] : [/home/kueawici/public_html/libs/MVC/AbstractController.php] , ['line'] : [34] , ['function'] : [init] , ['class'] : [MVC\AbstractController] , ['type'] : [->] 
 args : ['args'] : [] , ['object'] : [{0 : } , {1 : land} , {2 : ajax} , {3 : getCottages} , {_controller_path : controllers\AjaxController} , {_controller_action : getCottagesAction} , {_controller_view : /home/kueawici/public_html/modules/land/views/ajax/getCottages.phtml} , {db.conn : mysql:host=localhost;dbname=fb790567_testins} , {db.user : fb790567_testins} , {db.pass : 746dsgecr} , {db.conn_mssql : odbc:Driver=FreeTDS; Server=109.120.186.57; Port=1433; Database=Transport_Bugulma} , {db.user_mssql : bugulma} , {db.pass_mssql : bugulma} , {super.user : root} , {super.pass : 190892} , {application.display_errors : 1} , {application.trace_errors : 1} , {application.defaultModule : application} , {application.writelog : 1} , {application.writelog.trace : 1} , {modules.application.active : 1} , {modules.admin.active : 1} , {modules.hookahmap.active : 1} , {modules.land.active : 1} , {modules.narts.active : 1} , {module_name : land} , {controller_name : ajax} , {0 : /land/ajax/getCottages} , {action_name : getCottages} , {default_module_name : application} , {_module_name : land} , ]
['file'] : [/home/kueawici/public_html/libs/MVC/Controller.php] , ['line'] : [7] , ['function'] : [run] , ['class'] : [MVC\AbstractController] , ['type'] : [->] 
 args : ['args'] : [] , ['object'] : [{0 : } , {1 : land} , {2 : ajax} , {3 : getCottages} , {_controller_path : controllers\AjaxController} , {_controller_action : getCottagesAction} , {_controller_view : /home/kueawici/public_html/modules/land/views/ajax/getCottages.phtml} , {db.conn : mysql:host=localhost;dbname=fb790567_testins} , {db.user : fb790567_testins} , {db.pass : 746dsgecr} , {db.conn_mssql : odbc:Driver=FreeTDS; Server=109.120.186.57; Port=1433; Database=Transport_Bugulma} , {db.user_mssql : bugulma} , {db.pass_mssql : bugulma} , {super.user : root} , {super.pass : 190892} , {application.display_errors : 1} , {application.trace_errors : 1} , {application.defaultModule : application} , {application.writelog : 1} , {application.writelog.trace : 1} , {modules.application.active : 1} , {modules.admin.active : 1} , {modules.hookahmap.active : 1} , {modules.land.active : 1} , {modules.narts.active : 1} , {module_name : land} , {controller_name : ajax} , {0 : /land/ajax/getCottages} , {action_name : getCottages} , {default_module_name : application} , {_module_name : land} , ]
['file'] : [/home/kueawici/public_html/modules/land/autoload.module.php] , ['line'] : [24] , ['function'] : [run] , ['class'] : [MVC\Controller] , ['type'] : [->] 
 args : ['args'] : [] , ['object'] : [{0 : } , {1 : land} , {2 : ajax} , {3 : getCottages} , {_controller_path : controllers\AjaxController} , {_controller_action : getCottagesAction} , {_controller_view : /home/kueawici/public_html/modules/land/views/ajax/getCottages.phtml} , {db.conn : mysql:host=localhost;dbname=fb790567_testins} , {db.user : fb790567_testins} , {db.pass : 746dsgecr} , {db.conn_mssql : odbc:Driver=FreeTDS; Server=109.120.186.57; Port=1433; Database=Transport_Bugulma} , {db.user_mssql : bugulma} , {db.pass_mssql : bugulma} , {super.user : root} , {super.pass : 190892} , {application.display_errors : 1} , {application.trace_errors : 1} , {application.defaultModule : application} , {application.writelog : 1} , {application.writelog.trace : 1} , {modules.application.active : 1} , {modules.admin.active : 1} , {modules.hookahmap.active : 1} , {modules.land.active : 1} , {modules.narts.active : 1} , {module_name : land} , {controller_name : ajax} , {0 : /land/ajax/getCottages} , {action_name : getCottages} , {default_module_name : application} , {_module_name : land} , ]
['file'] : [/home/kueawici/public_html/index.php] , ['line'] : [10] , ['function'] : [require_once] , ['class'] : [] , ['type'] : [] 
 args : ['args'] : [{0 : /home/kueawici/public_html/modules/land/autoload.module.php} , ] , ['object'] : []


------------Exeption------------
time : 05:26:59
message : Error DataBase Connection: SQLSTATE[28000] [1045] Access denied for user 'fb790567_testins'@'localhost' (using password: YES)
trace : 
['file'] : [/home/kueawici/public_html/libs/Db/DbQuery.php] , ['line'] : [17] , ['function'] : [__construct] , ['class'] : [Db\Db] , ['type'] : [->] 
 args : ['args'] : [{0 : mysql} , ] , ['object'] : [{_sql : } , {*_db : } , {*_pdo : } , ]
['file'] : [/home/kueawici/public_html/modules/land/model/AjaxModel.php] , ['line'] : [14] , ['function'] : [__construct] , ['class'] : [Db\DbQuery] , ['type'] : [->] 
 args : ['args'] : [] , ['object'] : [{_sql : } , {*_db : } , {*_pdo : } , ]
['file'] : [/home/kueawici/public_html/modules/land/controllers/AjaxController.php] , ['line'] : [15] , ['function'] : [__construct] , ['class'] : [model\AjaxModel] , ['type'] : [->] 
 args : ['args'] : [] , ['object'] : [{model\AjaxModel_db : } , ]
['file'] : [/home/kueawici/public_html/libs/MVC/AbstractController.php] , ['line'] : [58] , ['function'] : [__construct] , ['class'] : [controllers\AjaxController] , ['type'] : [->] 
 args : ['args'] : [] , ['object'] : [{*_ajaxModel : } , ]
['file'] : [/home/kueawici/public_html/libs/MVC/AbstractController.php] , ['line'] : [34] , ['function'] : [init] , ['class'] : [MVC\AbstractController] , ['type'] : [->] 
 args : ['args'] : [] , ['object'] : [{0 : } , {1 : land} , {2 : ajax} , {3 : getCities} , {_controller_path : controllers\AjaxController} , {_controller_action : getCitiesAction} , {_controller_view : /home/kueawici/public_html/modules/land/views/ajax/getCities.phtml} , {db.conn : mysql:host=localhost;dbname=fb790567_testins} , {db.user : fb790567_testins} , {db.pass : 746dsgecr} , {db.conn_mssql : odbc:Driver=FreeTDS; Server=109.120.186.57; Port=1433; Database=Transport_Bugulma} , {db.user_mssql : bugulma} , {db.pass_mssql : bugulma} , {super.user : root} , {super.pass : 190892} , {application.display_errors : 1} , {application.trace_errors : 1} , {application.defaultModule : application} , {application.writelog : 1} , {application.writelog.trace : 1} , {modules.application.active : 1} , {modules.admin.active : 1} , {modules.hookahmap.active : 1} , {modules.land.active : 1} , {modules.narts.active : 1} , {module_name : land} , {controller_name : ajax} , {0 : /land/ajax/getCities} , {action_name : getCities} , {default_module_name : application} , {_module_name : land} , ]
['file'] : [/home/kueawici/public_html/libs/MVC/Controller.php] , ['line'] : [7] , ['function'] : [run] , ['class'] : [MVC\AbstractController] , ['type'] : [->] 
 args : ['args'] : [] , ['object'] : [{0 : } , {1 : land} , {2 : ajax} , {3 : getCities} , {_controller_path : controllers\AjaxController} , {_controller_action : getCitiesAction} , {_controller_view : /home/kueawici/public_html/modules/land/views/ajax/getCities.phtml} , {db.conn : mysql:host=localhost;dbname=fb790567_testins} , {db.user : fb790567_testins} , {db.pass : 746dsgecr} , {db.conn_mssql : odbc:Driver=FreeTDS; Server=109.120.186.57; Port=1433; Database=Transport_Bugulma} , {db.user_mssql : bugulma} , {db.pass_mssql : bugulma} , {super.user : root} , {super.pass : 190892} , {application.display_errors : 1} , {application.trace_errors : 1} , {application.defaultModule : application} , {application.writelog : 1} , {application.writelog.trace : 1} , {modules.application.active : 1} , {modules.admin.active : 1} , {modules.hookahmap.active : 1} , {modules.land.active : 1} , {modules.narts.active : 1} , {module_name : land} , {controller_name : ajax} , {0 : /land/ajax/getCities} , {action_name : getCities} , {default_module_name : application} , {_module_name : land} , ]
['file'] : [/home/kueawici/public_html/modules/land/autoload.module.php] , ['line'] : [24] , ['function'] : [run] , ['class'] : [MVC\Controller] , ['type'] : [->] 
 args : ['args'] : [] , ['object'] : [{0 : } , {1 : land} , {2 : ajax} , {3 : getCities} , {_controller_path : controllers\AjaxController} , {_controller_action : getCitiesAction} , {_controller_view : /home/kueawici/public_html/modules/land/views/ajax/getCities.phtml} , {db.conn : mysql:host=localhost;dbname=fb790567_testins} , {db.user : fb790567_testins} , {db.pass : 746dsgecr} , {db.conn_mssql : odbc:Driver=FreeTDS; Server=109.120.186.57; Port=1433; Database=Transport_Bugulma} , {db.user_mssql : bugulma} , {db.pass_mssql : bugulma} , {super.user : root} , {super.pass : 190892} , {application.display_errors : 1} , {application.trace_errors : 1} , {application.defaultModule : application} , {application.writelog : 1} , {application.writelog.trace : 1} , {modules.application.active : 1} , {modules.admin.active : 1} , {modules.hookahmap.active : 1} , {modules.land.active : 1} , {modules.narts.active : 1} , {module_name : land} , {controller_name : ajax} , {0 : /land/ajax/getCities} , {action_name : getCities} , {default_module_name : application} , {_module_name : land} , ]
['file'] : [/home/kueawici/public_html/index.php] , ['line'] : [10] , ['function'] : [require_once] , ['class'] : [] , ['type'] : [] 
 args : ['args'] : [{0 : /home/kueawici/public_html/modules/land/autoload.module.php} , ] , ['object'] : []


------------Exeption------------
time : 05:27:34
message : Error DataBase Connection: SQLSTATE[28000] [1045] Access denied for user 'fb790567_testins'@'localhost' (using password: YES)
trace : 
['file'] : [/home/kueawici/public_html/libs/Db/DbQuery.php] , ['line'] : [17] , ['function'] : [__construct] , ['class'] : [Db\Db] , ['type'] : [->] 
 args : ['args'] : [{0 : mysql} , ] , ['object'] : [{_sql : } , {*_db : } , {*_pdo : } , ]
['file'] : [/home/kueawici/public_html/modules/land/model/AjaxModel.php] , ['line'] : [14] , ['function'] : [__construct] , ['class'] : [Db\DbQuery] , ['type'] : [->] 
 args : ['args'] : [] , ['object'] : [{_sql : } , {*_db : } , {*_pdo : } , ]
['file'] : [/home/kueawici/public_html/modules/land/controllers/AjaxController.php] , ['line'] : [15] , ['function'] : [__construct] , ['class'] : [model\AjaxModel] , ['type'] : [->] 
 args : ['args'] : [] , ['object'] : [{model\AjaxModel_db : } , ]
['file'] : [/home/kueawici/public_html/libs/MVC/AbstractController.php] , ['line'] : [58] , ['function'] : [__construct] , ['class'] : [controllers\AjaxController] , ['type'] : [->] 
 args : ['args'] : [] , ['object'] : [{*_ajaxModel : } , ]
['file'] : [/home/kueawici/public_html/libs/MVC/AbstractController.php] , ['line'] : [34] , ['function'] : [init] , ['class'] : [MVC\AbstractController] , ['type'] : [->] 
 args : ['args'] : [] , ['object'] : [{0 : } , {1 : land} , {2 : ajax} , {3 : getCottages} , {_controller_path : controllers\AjaxController} , {_controller_action : getCottagesAction} , {_controller_view : /home/kueawici/public_html/modules/land/views/ajax/getCottages.phtml} , {db.conn : mysql:host=localhost;dbname=fb790567_testins} , {db.user : fb790567_testins} , {db.pass : 746dsgecr} , {db.conn_mssql : odbc:Driver=FreeTDS; Server=109.120.186.57; Port=1433; Database=Transport_Bugulma} , {db.user_mssql : bugulma} , {db.pass_mssql : bugulma} , {super.user : root} , {super.pass : 190892} , {application.display_errors : 1} , {application.trace_errors : 1} , {application.defaultModule : application} , {application.writelog : 1} , {application.writelog.trace : 1} , {modules.application.active : 1} , {modules.admin.active : 1} , {modules.hookahmap.active : 1} , {modules.land.active : 1} , {modules.narts.active : 1} , {module_name : land} , {controller_name : ajax} , {0 : /land/ajax/getCottages} , {action_name : getCottages} , {default_module_name : application} , {_module_name : land} , ]
['file'] : [/home/kueawici/public_html/libs/MVC/Controller.php] , ['line'] : [7] , ['function'] : [run] , ['class'] : [MVC\AbstractController] , ['type'] : [->] 
 args : ['args'] : [] , ['object'] : [{0 : } , {1 : land} , {2 : ajax} , {3 : getCottages} , {_controller_path : controllers\AjaxController} , {_controller_action : getCottagesAction} , {_controller_view : /home/kueawici/public_html/modules/land/views/ajax/getCottages.phtml} , {db.conn : mysql:host=localhost;dbname=fb790567_testins} , {db.user : fb790567_testins} , {db.pass : 746dsgecr} , {db.conn_mssql : odbc:Driver=FreeTDS; Server=109.120.186.57; Port=1433; Database=Transport_Bugulma} , {db.user_mssql : bugulma} , {db.pass_mssql : bugulma} , {super.user : root} , {super.pass : 190892} , {application.display_errors : 1} , {application.trace_errors : 1} , {application.defaultModule : application} , {application.writelog : 1} , {application.writelog.trace : 1} , {modules.application.active : 1} , {modules.admin.active : 1} , {modules.hookahmap.active : 1} , {modules.land.active : 1} , {modules.narts.active : 1} , {module_name : land} , {controller_name : ajax} , {0 : /land/ajax/getCottages} , {action_name : getCottages} , {default_module_name : application} , {_module_name : land} , ]
['file'] : [/home/kueawici/public_html/modules/land/autoload.module.php] , ['line'] : [24] , ['function'] : [run] , ['class'] : [MVC\Controller] , ['type'] : [->] 
 args : ['args'] : [] , ['object'] : [{0 : } , {1 : land} , {2 : ajax} , {3 : getCottages} , {_controller_path : controllers\AjaxController} , {_controller_action : getCottagesAction} , {_controller_view : /home/kueawici/public_html/modules/land/views/ajax/getCottages.phtml} , {db.conn : mysql:host=localhost;dbname=fb790567_testins} , {db.user : fb790567_testins} , {db.pass : 746dsgecr} , {db.conn_mssql : odbc:Driver=FreeTDS; Server=109.120.186.57; Port=1433; Database=Transport_Bugulma} , {db.user_mssql : bugulma} , {db.pass_mssql : bugulma} , {super.user : root} , {super.pass : 190892} , {application.display_errors : 1} , {application.trace_errors : 1} , {application.defaultModule : application} , {application.writelog : 1} , {application.writelog.trace : 1} , {modules.application.active : 1} , {modules.admin.active : 1} , {modules.hookahmap.active : 1} , {modules.land.active : 1} , {modules.narts.active : 1} , {module_name : land} , {controller_name : ajax} , {0 : /land/ajax/getCottages} , {action_name : getCottages} , {default_module_name : application} , {_module_name : land} , ]
['file'] : [/home/kueawici/public_html/index.php] , ['line'] : [10] , ['function'] : [require_once] , ['class'] : [] , ['type'] : [] 
 args : ['args'] : [{0 : /home/kueawici/public_html/modules/land/autoload.module.php} , ] , ['object'] : []


------------Exeption------------
time : 05:27:34
message : Error DataBase Connection: SQLSTATE[28000] [1045] Access denied for user 'fb790567_testins'@'localhost' (using password: YES)
trace : 
['file'] : [/home/kueawici/public_html/libs/Db/DbQuery.php] , ['line'] : [17] , ['function'] : [__construct] , ['class'] : [Db\Db] , ['type'] : [->] 
 args : ['args'] : [{0 : mysql} , ] , ['object'] : [{_sql : } , {*_db : } , {*_pdo : } , ]
['file'] : [/home/kueawici/public_html/modules/land/model/AjaxModel.php] , ['line'] : [14] , ['function'] : [__construct] , ['class'] : [Db\DbQuery] , ['type'] : [->] 
 args : ['args'] : [] , ['object'] : [{_sql : } , {*_db : } , {*_pdo : } , ]
['file'] : [/home/kueawici/public_html/modules/land/controllers/AjaxController.php] , ['line'] : [15] , ['function'] : [__construct] , ['class'] : [model\AjaxModel] , ['type'] : [->] 
 args : ['args'] : [] , ['object'] : [{model\AjaxModel_db : } , ]
['file'] : [/home/kueawici/public_html/libs/MVC/AbstractController.php] , ['line'] : [58] , ['function'] : [__construct] , ['class'] : [controllers\AjaxController] , ['type'] : [->] 
 args : ['args'] : [] , ['object'] : [{*_ajaxModel : } , ]
['file'] : [/home/kueawici/public_html/libs/MVC/AbstractController.php] , ['line'] : [34] , ['function'] : [init] , ['class'] : [MVC\AbstractController] , ['type'] : [->] 
 args : ['args'] : [] , ['object'] : [{0 : } , {1 : land} , {2 : ajax} , {3 : getCities} , {_controller_path : controllers\AjaxController} , {_controller_action : getCitiesAction} , {_controller_view : /home/kueawici/public_html/modules/land/views/ajax/getCities.phtml} , {db.conn : mysql:host=localhost;dbname=fb790567_testins} , {db.user : fb790567_testins} , {db.pass : 746dsgecr} , {db.conn_mssql : odbc:Driver=FreeTDS; Server=109.120.186.57; Port=1433; Database=Transport_Bugulma} , {db.user_mssql : bugulma} , {db.pass_mssql : bugulma} , {super.user : root} , {super.pass : 190892} , {application.display_errors : 1} , {application.trace_errors : 1} , {application.defaultModule : application} , {application.writelog : 1} , {application.writelog.trace : 1} , {modules.application.active : 1} , {modules.admin.active : 1} , {modules.hookahmap.active : 1} , {modules.land.active : 1} , {modules.narts.active : 1} , {module_name : land} , {controller_name : ajax} , {0 : /land/ajax/getCities} , {action_name : getCities} , {default_module_name : application} , {_module_name : land} , ]
['file'] : [/home/kueawici/public_html/libs/MVC/Controller.php] , ['line'] : [7] , ['function'] : [run] , ['class'] : [MVC\AbstractController] , ['type'] : [->] 
 args : ['args'] : [] , ['object'] : [{0 : } , {1 : land} , {2 : ajax} , {3 : getCities} , {_controller_path : controllers\AjaxController} , {_controller_action : getCitiesAction} , {_controller_view : /home/kueawici/public_html/modules/land/views/ajax/getCities.phtml} , {db.conn : mysql:host=localhost;dbname=fb790567_testins} , {db.user : fb790567_testins} , {db.pass : 746dsgecr} , {db.conn_mssql : odbc:Driver=FreeTDS; Server=109.120.186.57; Port=1433; Database=Transport_Bugulma} , {db.user_mssql : bugulma} , {db.pass_mssql : bugulma} , {super.user : root} , {super.pass : 190892} , {application.display_errors : 1} , {application.trace_errors : 1} , {application.defaultModule : application} , {application.writelog : 1} , {application.writelog.trace : 1} , {modules.application.active : 1} , {modules.admin.active : 1} , {modules.hookahmap.active : 1} , {modules.land.active : 1} , {modules.narts.active : 1} , {module_name : land} , {controller_name : ajax} , {0 : /land/ajax/getCities} , {action_name : getCities} , {default_module_name : application} , {_module_name : land} , ]
['file'] : [/home/kueawici/public_html/modules/land/autoload.module.php] , ['line'] : [24] , ['function'] : [run] , ['class'] : [MVC\Controller] , ['type'] : [->] 
 args : ['args'] : [] , ['object'] : [{0 : } , {1 : land} , {2 : ajax} , {3 : getCities} , {_controller_path : controllers\AjaxController} , {_controller_action : getCitiesAction} , {_controller_view : /home/kueawici/public_html/modules/land/views/ajax/getCities.phtml} , {db.conn : mysql:host=localhost;dbname=fb790567_testins} , {db.user : fb790567_testins} , {db.pass : 746dsgecr} , {db.conn_mssql : odbc:Driver=FreeTDS; Server=109.120.186.57; Port=1433; Database=Transport_Bugulma} , {db.user_mssql : bugulma} , {db.pass_mssql : bugulma} , {super.user : root} , {super.pass : 190892} , {application.display_errors : 1} , {application.trace_errors : 1} , {application.defaultModule : application} , {application.writelog : 1} , {application.writelog.trace : 1} , {modules.application.active : 1} , {modules.admin.active : 1} , {modules.hookahmap.active : 1} , {modules.land.active : 1} , {modules.narts.active : 1} , {module_name : land} , {controller_name : ajax} , {0 : /land/ajax/getCities} , {action_name : getCities} , {default_module_name : application} , {_module_name : land} , ]
['file'] : [/home/kueawici/public_html/index.php] , ['line'] : [10] , ['function'] : [require_once] , ['class'] : [] , ['type'] : [] 
 args : ['args'] : [{0 : /home/kueawici/public_html/modules/land/autoload.module.php} , ] , ['object'] : []
